# JRE version: OpenJDK Runtime Environment (17.0.10) (build 17.0.10+0-17.0.10b1087.21-11609105)
# Java VM: OpenJDK 64-Bit Server VM (17.0.10+0-17.0.10b1087.21-11609105, mixed mode, tiered, compressed oops, compressed class ptrs, g1 gc, linux-amd64)
GC Precious Log:
 CPUs: 4 total, 4 available
 Memory: 7822M
 Large Page Support: Disabled
 NUMA Support: Disabled
 Compressed Oops: Enabled (32-bit)
 Heap Region Size: 1M
 Heap Min Capacity: 8M
 Heap Initial Capacity: 124M
 Heap Max Capacity: 2G
 Pre-touch: Disabled
 Parallel Workers: 4
 Concurrent Workers: 1
 Concurrent Refinement Workers: 4
 Periodic GC: Disabled
Heap:
 garbage-first heap   total 334848K, used 91541K [0x0000000080000000, 0x0000000100000000)
  region size 1024K, 12 young (12288K), 9 survivors (9216K)
 Metaspace       used 83426K, committed 83968K, reserved 1179648K
  class space    used 11343K, committed 11584K, reserved 1048576K
GC Heap History (20 events):
Event: 10.345 GC heap before
{Heap before GC invocations=14 (full 0):
 garbage-first heap   total 184320K, used 151798K [0x0000000080000000, 0x0000000100000000)
  region size 1024K, 108 young (110592K), 10 survivors (10240K)
 Metaspace       used 60167K, committed 60672K, reserved 1114112K
  class space    used 8149K, committed 8384K, reserved 1048576K
}
Event: 10.383 GC heap after
{Heap after GC invocations=15 (full 0):
 garbage-first heap   total 184320K, used 64182K [0x0000000080000000, 0x0000000100000000)
  region size 1024K, 14 young (14336K), 14 survivors (14336K)
 Metaspace       used 60167K, committed 60672K, reserved 1114112K
  class space    used 8149K, committed 8384K, reserved 1048576K
}
Event: 10.398 GC heap before
{Heap before GC invocations=15 (full 0):
 garbage-first heap   total 184320K, used 64182K [0x0000000080000000, 0x0000000100000000)
  region size 1024K, 15 young (15360K), 14 survivors (14336K)
 Metaspace       used 60238K, committed 60736K, reserved 1114112K
  class space    used 8155K, committed 8384K, reserved 1048576K
}
Event: 10.422 GC heap after
{Heap after GC invocations=16 (full 0):
 garbage-first heap   total 184320K, used 65916K [0x0000000080000000, 0x0000000100000000)
  region size 1024K, 2 young (2048K), 2 survivors (2048K)
 Metaspace       used 60238K, committed 60736K, reserved 1114112K
  class space    used 8155K, committed 8384K, reserved 1048576K
}
Event: 11.943 GC heap before
{Heap before GC invocations=17 (full 0):
 garbage-first heap   total 184320K, used 149884K [0x0000000080000000, 0x0000000100000000)
  region size 1024K, 80 young (81920K), 2 survivors (2048K)
 Metaspace       used 68264K, committed 68864K, reserved 1114112K
  class space    used 9222K, committed 9472K, reserved 1048576K
}
Event: 11.960 GC heap after
{Heap after GC invocations=18 (full 0):
 garbage-first heap   total 184320K, used 73861K [0x0000000080000000, 0x0000000100000000)
  region size 1024K, 7 young (7168K), 7 survivors (7168K)
 Metaspace       used 68264K, committed 68864K, reserved 1114112K
  class space    used 9222K, committed 9472K, reserved 1048576K
}
Event: 11.969 GC heap before
{Heap before GC invocations=18 (full 0):
 garbage-first heap   total 184320K, used 75909K [0x0000000080000000, 0x0000000100000000)
  region size 1024K, 9 young (9216K), 7 survivors (7168K)
 Metaspace       used 68265K, committed 68864K, reserved 1114112K
  class space    used 9222K, committed 9472K, reserved 1048576K
}
Event: 11.987 GC heap after
{Heap after GC invocations=19 (full 0):
 garbage-first heap   total 184320K, used 75256K [0x0000000080000000, 0x0000000100000000)
  region size 1024K, 2 young (2048K), 2 survivors (2048K)
 Metaspace       used 68265K, committed 68864K, reserved 1114112K
  class space    used 9222K, committed 9472K, reserved 1048576K
}
Event: 12.082 GC heap before
{Heap before GC invocations=19 (full 0):
 garbage-first heap   total 184320K, used 76280K [0x0000000080000000, 0x0000000100000000)
  region size 1024K, 4 young (4096K), 2 survivors (2048K)
 Metaspace       used 68270K, committed 68864K, reserved 1114112K
  class space    used 9222K, committed 9472K, reserved 1048576K
}
Event: 12.088 GC heap after
{Heap after GC invocations=20 (full 0):
 garbage-first heap   total 184320K, used 74181K [0x0000000080000000, 0x0000000100000000)
  region size 1024K, 1 young (1024K), 1 survivors (1024K)
 Metaspace       used 68270K, committed 68864K, reserved 1114112K
  class space    used 9222K, committed 9472K, reserved 1048576K
}
Event: 13.293 GC heap before
{Heap before GC invocations=21 (full 0):
 garbage-first heap   total 184320K, used 138693K [0x0000000080000000, 0x0000000100000000)
  region size 1024K, 66 young (67584K), 1 survivors (1024K)
 Metaspace       used 74105K, committed 74624K, reserved 1114112K
  class space    used 10021K, committed 10240K, reserved 1048576K
}
Event: 13.304 GC heap after
{Heap after GC invocations=22 (full 0):
 garbage-first heap   total 184320K, used 75259K [0x0000000080000000, 0x0000000100000000)
  region size 1024K, 4 young (4096K), 4 survivors (4096K)
 Metaspace       used 74105K, committed 74624K, reserved 1114112K
  class space    used 10021K, committed 10240K, reserved 1048576K
}
Event: 13.332 GC heap before
{Heap before GC invocations=22 (full 0):
 garbage-first heap   total 184320K, used 76283K [0x0000000080000000, 0x0000000100000000)
  region size 1024K, 6 young (6144K), 4 survivors (4096K)
 Metaspace       used 74268K, committed 74752K, reserved 1114112K
  class space    used 10038K, committed 10240K, reserved 1048576K
}
Event: 13.340 GC heap after
{Heap after GC invocations=23 (full 0):
 garbage-first heap   total 184320K, used 75579K [0x0000000080000000, 0x0000000100000000)
  region size 1024K, 5 young (5120K), 5 survivors (5120K)
 Metaspace       used 74268K, committed 74752K, reserved 1114112K
  class space    used 10038K, committed 10240K, reserved 1048576K
}
Event: 14.555 GC heap before
{Heap before GC invocations=24 (full 0):
 garbage-first heap   total 184320K, used 147259K [0x0000000080000000, 0x0000000100000000)
  region size 1024K, 71 young (72704K), 5 survivors (5120K)
 Metaspace       used 80361K, committed 80896K, reserved 1179648K
  class space    used 10907K, committed 11136K, reserved 1048576K
}
Event: 14.571 GC heap after
{Heap after GC invocations=25 (full 0):
 garbage-first heap   total 184320K, used 83002K [0x0000000080000000, 0x0000000100000000)
  region size 1024K, 8 young (8192K), 8 survivors (8192K)
 Metaspace       used 80361K, committed 80896K, reserved 1179648K
  class space    used 10907K, committed 11136K, reserved 1048576K
}
Event: 15.368 GC heap before
{Heap before GC invocations=25 (full 0):
 garbage-first heap   total 184320K, used 146490K [0x0000000080000000, 0x0000000100000000)
  region size 1024K, 70 young (71680K), 8 survivors (8192K)
 Metaspace       used 82293K, committed 82816K, reserved 1179648K
  class space    used 11175K, committed 11392K, reserved 1048576K
}
Event: 15.387 GC heap after
{Heap after GC invocations=26 (full 0):
 garbage-first heap   total 433152K, used 87445K [0x0000000080000000, 0x0000000100000000)
  region size 1024K, 8 young (8192K), 8 survivors (8192K)
 Metaspace       used 82293K, committed 82816K, reserved 1179648K
  class space    used 11175K, committed 11392K, reserved 1048576K
}
Event: 15.665 GC heap before
{Heap before GC invocations=27 (full 0):
 garbage-first heap   total 334848K, used 102805K [0x0000000080000000, 0x0000000100000000)
  region size 1024K, 24 young (24576K), 8 survivors (8192K)
 Metaspace       used 83282K, committed 83904K, reserved 1179648K
  class space    used 11322K, committed 11584K, reserved 1048576K
}
Event: 15.687 GC heap after
{Heap after GC invocations=28 (full 0):
 garbage-first heap   total 334848K, used 88469K [0x0000000080000000, 0x0000000100000000)
  region size 1024K, 9 young (9216K), 9 survivors (9216K)
 Metaspace       used 83282K, committed 83904K, reserved 1179648K
  class space    used 11322K, committed 11584K, reserved 1048576K
}

